[0.851s] DEBUG:colcon:Command line arguments: ['/usr/bin/colcon', 'build']
[0.852s] DEBUG:colcon:Parsed command line arguments: Namespace(allow_overriding=[], ament_cmake_args=None, base_paths=['.'], build_base='build', catkin_cmake_args=None, catkin_skip_building_tests=False, cmake_args=None, cmake_clean_cache=False, cmake_clean_first=False, cmake_force_configure=False, cmake_target=None, cmake_target_skip_unavailable=False, continue_on_error=False, event_handlers=None, executor='parallel', ignore_user_meta=False, install_base='install', log_base=None, log_level=None, main=<bound method BuildVerb.main of <colcon_core.verb.build.BuildVerb object at 0x7fe4a4811250>>, merge_install=False, metas=['./colcon.meta'], packages_above=None, packages_above_and_dependencies=None, packages_above_depth=None, packages_end=None, packages_ignore=None, packages_ignore_regex=None, packages_select=None, packages_select_build_failed=False, packages_select_by_dep=None, packages_select_regex=None, packages_select_test_failures=False, packages_skip=None, packages_skip_build_finished=False, packages_skip_by_dep=None, packages_skip_regex=None, packages_skip_test_passed=False, packages_skip_up_to=None, packages_start=None, packages_up_to=None, packages_up_to_regex=None, parallel_workers=16, paths=None, symlink_install=False, test_result_base=None, verb_extension=<colcon_core.verb.build.BuildVerb object at 0x7fe4a4811250>, verb_name='build', verb_parser=<colcon_defaults.argument_parser.defaults.DefaultArgumentsDecorator object at 0x7fe4a489f8e0>)
[0.889s] Level 1:colcon.colcon_core.package_discovery:discover_packages(colcon_meta) check parameters
[0.889s] Level 1:colcon.colcon_core.package_discovery:discover_packages(recursive) check parameters
[0.889s] Level 1:colcon.colcon_core.package_discovery:discover_packages(ignore) check parameters
[0.889s] Level 1:colcon.colcon_core.package_discovery:discover_packages(path) check parameters
[0.889s] Level 1:colcon.colcon_core.package_discovery:discover_packages(colcon_meta) discover
[0.889s] Level 1:colcon.colcon_core.package_discovery:discover_packages(recursive) discover
[0.889s] INFO:colcon.colcon_core.package_discovery:Crawling recursively for packages in '/home/eunseon/ros2_ws/src/mono_slam'
[0.890s] Level 1:colcon.colcon_core.package_identification:_identify(.) by extensions ['ignore', 'ignore_ament_install']
[0.890s] Level 1:colcon.colcon_core.package_identification:_identify(.) by extension 'ignore'
[0.890s] Level 1:colcon.colcon_core.package_identification:_identify(.) by extension 'ignore_ament_install'
[0.890s] Level 1:colcon.colcon_core.package_identification:_identify(.) by extensions ['colcon_pkg']
[0.890s] Level 1:colcon.colcon_core.package_identification:_identify(.) by extension 'colcon_pkg'
[0.890s] Level 1:colcon.colcon_core.package_identification:_identify(.) by extensions ['colcon_meta']
[0.890s] Level 1:colcon.colcon_core.package_identification:_identify(.) by extension 'colcon_meta'
[0.890s] Level 1:colcon.colcon_core.package_identification:_identify(.) by extensions ['ros']
[0.890s] Level 1:colcon.colcon_core.package_identification:_identify(.) by extension 'ros'
[0.896s] DEBUG:colcon.colcon_core.package_identification:Package '.' with type 'ros.ament_cmake' and name 'mono_slam'
[0.897s] Level 1:colcon.colcon_core.package_discovery:discover_packages(recursive) using defaults
[0.897s] Level 1:colcon.colcon_core.package_discovery:discover_packages(ignore) discover
[0.897s] Level 1:colcon.colcon_core.package_discovery:discover_packages(ignore) using defaults
[0.897s] Level 1:colcon.colcon_core.package_discovery:discover_packages(path) discover
[0.897s] Level 1:colcon.colcon_core.package_discovery:discover_packages(path) using defaults
[0.974s] Level 1:colcon.colcon_core.package_discovery:discover_packages(prefix_path) check parameters
[0.974s] Level 1:colcon.colcon_core.package_discovery:discover_packages(prefix_path) discover
[1.002s] DEBUG:colcon.colcon_installed_package_information.package_discovery:Found 1 installed packages in /home/eunseon/ros2_ws/install
[1.017s] DEBUG:colcon.colcon_installed_package_information.package_discovery:Found 256 installed packages in /opt/ros/foxy
[1.017s] Level 1:colcon.colcon_core.package_discovery:discover_packages(prefix_path) using defaults
[1.080s] Level 5:colcon.colcon_core.verb:set package 'mono_slam' build argument 'cmake_args' from command line to 'None'
[1.080s] Level 5:colcon.colcon_core.verb:set package 'mono_slam' build argument 'cmake_target' from command line to 'None'
[1.080s] Level 5:colcon.colcon_core.verb:set package 'mono_slam' build argument 'cmake_target_skip_unavailable' from command line to 'False'
[1.080s] Level 5:colcon.colcon_core.verb:set package 'mono_slam' build argument 'cmake_clean_cache' from command line to 'False'
[1.080s] Level 5:colcon.colcon_core.verb:set package 'mono_slam' build argument 'cmake_clean_first' from command line to 'False'
[1.080s] Level 5:colcon.colcon_core.verb:set package 'mono_slam' build argument 'cmake_force_configure' from command line to 'False'
[1.080s] Level 5:colcon.colcon_core.verb:set package 'mono_slam' build argument 'ament_cmake_args' from command line to 'None'
[1.080s] Level 5:colcon.colcon_core.verb:set package 'mono_slam' build argument 'catkin_cmake_args' from command line to 'None'
[1.080s] Level 5:colcon.colcon_core.verb:set package 'mono_slam' build argument 'catkin_skip_building_tests' from command line to 'False'
[1.080s] DEBUG:colcon.colcon_core.verb:Building package 'mono_slam' with the following arguments: {'ament_cmake_args': None, 'build_base': '/home/eunseon/ros2_ws/src/mono_slam/build/mono_slam', 'catkin_cmake_args': None, 'catkin_skip_building_tests': False, 'cmake_args': None, 'cmake_clean_cache': False, 'cmake_clean_first': False, 'cmake_force_configure': False, 'cmake_target': None, 'cmake_target_skip_unavailable': False, 'install_base': '/home/eunseon/ros2_ws/src/mono_slam/install/mono_slam', 'merge_install': False, 'path': '/home/eunseon/ros2_ws/src/mono_slam', 'symlink_install': False, 'test_result_base': None}
[1.093s] INFO:colcon.colcon_core.executor:Executing jobs using 'parallel' executor
[1.108s] DEBUG:colcon.colcon_parallel_executor.executor.parallel:run_until_complete
[1.108s] INFO:colcon.colcon_ros.task.ament_cmake.build:Building ROS package in '/home/eunseon/ros2_ws/src/mono_slam' with build type 'ament_cmake'
[1.108s] INFO:colcon.colcon_cmake.task.cmake.build:Building CMake package in '/home/eunseon/ros2_ws/src/mono_slam'
[1.123s] INFO:colcon.colcon_core.plugin_system:Skipping extension 'colcon_core.shell.bat': Not used on non-Windows systems
[1.123s] INFO:colcon.colcon_core.shell:Skip shell extension 'powershell' for command environment: Not usable outside of PowerShell
[1.123s] DEBUG:colcon.colcon_core.shell:Skip shell extension 'dsv' for command environment
[1.172s] DEBUG:colcon.colcon_core.event_handler.log_command:Invoking command in '/home/eunseon/ros2_ws/src/mono_slam/build/mono_slam': CMAKE_PREFIX_PATH=${CMAKE_PREFIX_PATH}:/opt/ros/foxy /usr/bin/cmake /home/eunseon/ros2_ws/src/mono_slam -DCMAKE_INSTALL_PREFIX=/home/eunseon/ros2_ws/src/mono_slam/install/mono_slam
[2.286s] DEBUG:colcon.colcon_core.event_handler.log_command:Invoked command in '/home/eunseon/ros2_ws/src/mono_slam/build/mono_slam' returned '0': CMAKE_PREFIX_PATH=${CMAKE_PREFIX_PATH}:/opt/ros/foxy /usr/bin/cmake /home/eunseon/ros2_ws/src/mono_slam -DCMAKE_INSTALL_PREFIX=/home/eunseon/ros2_ws/src/mono_slam/install/mono_slam
[2.287s] DEBUG:colcon.colcon_core.event_handler.log_command:Invoking command in '/home/eunseon/ros2_ws/src/mono_slam/build/mono_slam': CMAKE_PREFIX_PATH=${CMAKE_PREFIX_PATH}:/opt/ros/foxy /usr/bin/cmake --build /home/eunseon/ros2_ws/src/mono_slam/build/mono_slam -- -j16 -l16
[6.734s] DEBUG:colcon.colcon_core.event_handler.log_command:Invoked command in '/home/eunseon/ros2_ws/src/mono_slam/build/mono_slam' returned '0': CMAKE_PREFIX_PATH=${CMAKE_PREFIX_PATH}:/opt/ros/foxy /usr/bin/cmake --build /home/eunseon/ros2_ws/src/mono_slam/build/mono_slam -- -j16 -l16
[6.755s] DEBUG:colcon.colcon_core.event_handler.log_command:Invoking command in '/home/eunseon/ros2_ws/src/mono_slam/build/mono_slam': CMAKE_PREFIX_PATH=${CMAKE_PREFIX_PATH}:/opt/ros/foxy /usr/bin/cmake --install /home/eunseon/ros2_ws/src/mono_slam/build/mono_slam
[6.762s] Level 1:colcon.colcon_core.environment:create_environment_scripts_only(mono_slam)
[6.762s] DEBUG:colcon.colcon_core.event_handler.log_command:Invoked command in '/home/eunseon/ros2_ws/src/mono_slam/build/mono_slam' returned '0': CMAKE_PREFIX_PATH=${CMAKE_PREFIX_PATH}:/opt/ros/foxy /usr/bin/cmake --install /home/eunseon/ros2_ws/src/mono_slam/build/mono_slam
[6.779s] Level 1:colcon.colcon_core.environment:checking '/home/eunseon/ros2_ws/src/mono_slam/install/mono_slam' for CMake module files
[6.779s] Level 1:colcon.colcon_core.environment:checking '/home/eunseon/ros2_ws/src/mono_slam/install/mono_slam' for CMake config files
[6.779s] Level 1:colcon.colcon_core.shell:create_environment_hook('mono_slam', 'cmake_prefix_path')
[6.794s] INFO:colcon.colcon_core.shell:Creating environment hook '/home/eunseon/ros2_ws/src/mono_slam/install/mono_slam/share/mono_slam/hook/cmake_prefix_path.ps1'
[6.794s] INFO:colcon.colcon_core.shell:Creating environment descriptor '/home/eunseon/ros2_ws/src/mono_slam/install/mono_slam/share/mono_slam/hook/cmake_prefix_path.dsv'
[6.794s] INFO:colcon.colcon_core.shell:Creating environment hook '/home/eunseon/ros2_ws/src/mono_slam/install/mono_slam/share/mono_slam/hook/cmake_prefix_path.sh'
[6.795s] Level 1:colcon.colcon_core.environment:checking '/home/eunseon/ros2_ws/src/mono_slam/install/mono_slam/lib'
[6.795s] Level 1:colcon.colcon_core.environment:checking '/home/eunseon/ros2_ws/src/mono_slam/install/mono_slam/bin'
[6.795s] Level 1:colcon.colcon_core.environment:checking '/home/eunseon/ros2_ws/src/mono_slam/install/mono_slam/lib/pkgconfig/mono_slam.pc'
[6.795s] Level 1:colcon.colcon_core.environment:checking '/home/eunseon/ros2_ws/src/mono_slam/install/mono_slam/lib/python3.8/site-packages'
[6.795s] Level 1:colcon.colcon_core.environment:checking '/home/eunseon/ros2_ws/src/mono_slam/install/mono_slam/bin'
[6.810s] INFO:colcon.colcon_core.shell:Creating package script '/home/eunseon/ros2_ws/src/mono_slam/install/mono_slam/share/mono_slam/package.ps1'
[6.810s] INFO:colcon.colcon_core.shell:Creating package descriptor '/home/eunseon/ros2_ws/src/mono_slam/install/mono_slam/share/mono_slam/package.dsv'
[6.810s] INFO:colcon.colcon_core.shell:Creating package script '/home/eunseon/ros2_ws/src/mono_slam/install/mono_slam/share/mono_slam/package.sh'
[6.811s] INFO:colcon.colcon_core.shell:Creating package script '/home/eunseon/ros2_ws/src/mono_slam/install/mono_slam/share/mono_slam/package.bash'
[6.811s] INFO:colcon.colcon_core.shell:Creating package script '/home/eunseon/ros2_ws/src/mono_slam/install/mono_slam/share/mono_slam/package.zsh'
[6.811s] Level 1:colcon.colcon_core.environment:create_file_with_runtime_dependencies(/home/eunseon/ros2_ws/src/mono_slam/install/mono_slam/share/colcon-core/packages/mono_slam)
[6.841s] Level 1:colcon.colcon_core.environment:create_environment_scripts_only(mono_slam)
[6.856s] Level 1:colcon.colcon_core.environment:checking '/home/eunseon/ros2_ws/src/mono_slam/install/mono_slam' for CMake module files
[6.856s] Level 1:colcon.colcon_core.environment:checking '/home/eunseon/ros2_ws/src/mono_slam/install/mono_slam' for CMake config files
[6.856s] Level 1:colcon.colcon_core.shell:create_environment_hook('mono_slam', 'cmake_prefix_path')
[6.870s] INFO:colcon.colcon_core.shell:Creating environment hook '/home/eunseon/ros2_ws/src/mono_slam/install/mono_slam/share/mono_slam/hook/cmake_prefix_path.ps1'
[6.871s] INFO:colcon.colcon_core.shell:Creating environment descriptor '/home/eunseon/ros2_ws/src/mono_slam/install/mono_slam/share/mono_slam/hook/cmake_prefix_path.dsv'
[6.871s] INFO:colcon.colcon_core.shell:Creating environment hook '/home/eunseon/ros2_ws/src/mono_slam/install/mono_slam/share/mono_slam/hook/cmake_prefix_path.sh'
[6.871s] Level 1:colcon.colcon_core.environment:checking '/home/eunseon/ros2_ws/src/mono_slam/install/mono_slam/lib'
[6.871s] Level 1:colcon.colcon_core.environment:checking '/home/eunseon/ros2_ws/src/mono_slam/install/mono_slam/bin'
[6.871s] Level 1:colcon.colcon_core.environment:checking '/home/eunseon/ros2_ws/src/mono_slam/install/mono_slam/lib/pkgconfig/mono_slam.pc'
[6.871s] Level 1:colcon.colcon_core.environment:checking '/home/eunseon/ros2_ws/src/mono_slam/install/mono_slam/lib/python3.8/site-packages'
[6.871s] Level 1:colcon.colcon_core.environment:checking '/home/eunseon/ros2_ws/src/mono_slam/install/mono_slam/bin'
[6.886s] INFO:colcon.colcon_core.shell:Creating package script '/home/eunseon/ros2_ws/src/mono_slam/install/mono_slam/share/mono_slam/package.ps1'
[6.886s] INFO:colcon.colcon_core.shell:Creating package descriptor '/home/eunseon/ros2_ws/src/mono_slam/install/mono_slam/share/mono_slam/package.dsv'
[6.886s] INFO:colcon.colcon_core.shell:Creating package script '/home/eunseon/ros2_ws/src/mono_slam/install/mono_slam/share/mono_slam/package.sh'
[6.886s] INFO:colcon.colcon_core.shell:Creating package script '/home/eunseon/ros2_ws/src/mono_slam/install/mono_slam/share/mono_slam/package.bash'
[6.887s] INFO:colcon.colcon_core.shell:Creating package script '/home/eunseon/ros2_ws/src/mono_slam/install/mono_slam/share/mono_slam/package.zsh'
[6.887s] Level 1:colcon.colcon_core.environment:create_file_with_runtime_dependencies(/home/eunseon/ros2_ws/src/mono_slam/install/mono_slam/share/colcon-core/packages/mono_slam)
[6.887s] DEBUG:colcon.colcon_parallel_executor.executor.parallel:closing loop
[6.887s] DEBUG:colcon.colcon_parallel_executor.executor.parallel:loop closed
[6.887s] DEBUG:colcon.colcon_parallel_executor.executor.parallel:run_until_complete finished with '0'
[6.887s] DEBUG:colcon.colcon_core.event_reactor:joining thread
[6.905s] INFO:colcon.colcon_core.plugin_system:Skipping extension 'colcon_notification.desktop_notification.terminal_notifier': Not used on non-Darwin systems
[6.905s] INFO:colcon.colcon_core.plugin_system:Skipping extension 'colcon_notification.desktop_notification.win32': Not used on non-Windows systems
[6.905s] INFO:colcon.colcon_notification.desktop_notification:Sending desktop notification using 'notify2'
[6.915s] DEBUG:colcon.colcon_core.event_reactor:joined thread
[6.930s] INFO:colcon.colcon_core.shell:Creating prefix script '/home/eunseon/ros2_ws/src/mono_slam/install/local_setup.ps1'
[6.931s] INFO:colcon.colcon_core.shell:Creating prefix util module '/home/eunseon/ros2_ws/src/mono_slam/install/_local_setup_util_ps1.py'
[6.932s] INFO:colcon.colcon_core.shell:Creating prefix chain script '/home/eunseon/ros2_ws/src/mono_slam/install/setup.ps1'
[6.955s] INFO:colcon.colcon_core.shell:Creating prefix script '/home/eunseon/ros2_ws/src/mono_slam/install/local_setup.sh'
[6.955s] INFO:colcon.colcon_core.shell:Creating prefix util module '/home/eunseon/ros2_ws/src/mono_slam/install/_local_setup_util_sh.py'
[6.956s] INFO:colcon.colcon_core.shell:Creating prefix chain script '/home/eunseon/ros2_ws/src/mono_slam/install/setup.sh'
[6.971s] INFO:colcon.colcon_core.shell:Creating prefix script '/home/eunseon/ros2_ws/src/mono_slam/install/local_setup.bash'
[6.971s] INFO:colcon.colcon_core.shell:Creating prefix chain script '/home/eunseon/ros2_ws/src/mono_slam/install/setup.bash'
[6.986s] INFO:colcon.colcon_core.shell:Creating prefix script '/home/eunseon/ros2_ws/src/mono_slam/install/local_setup.zsh'
[6.986s] INFO:colcon.colcon_core.shell:Creating prefix chain script '/home/eunseon/ros2_ws/src/mono_slam/install/setup.zsh'
