[0.064s] Invoking command in '/home/eunseon/ros2_ws/src/mono_slam/build/mono_slam': CMAKE_PREFIX_PATH=${CMAKE_PREFIX_PATH}:/opt/ros/foxy /usr/bin/cmake /home/eunseon/ros2_ws/src/mono_slam -DCMAKE_INSTALL_PREFIX=/home/eunseon/ros2_ws/src/mono_slam/install/mono_slam
[0.157s] -- The C compiler identification is GNU 9.4.0
[0.202s] -- The CXX compiler identification is GNU 9.4.0
[0.205s] -- Check for working C compiler: /usr/bin/cc
[0.244s] -- Check for working C compiler: /usr/bin/cc -- works
[0.246s] -- Detecting C compiler ABI info
[0.288s] -- Detecting C compiler ABI info - done
[0.294s] -- Detecting C compile features
[0.294s] -- Detecting C compile features - done
[0.296s] -- Check for working CXX compiler: /usr/bin/c++
[0.342s] -- Check for working CXX compiler: /usr/bin/c++ -- works
[0.343s] -- Detecting CXX compiler ABI info
[0.416s] -- Detecting CXX compiler ABI info - done
[0.425s] -- Detecting CXX compile features
[0.425s] -- Detecting CXX compile features - done
[0.427s] -- Found ament_cmake_core: 0.9.12 (/opt/ros/foxy/share/ament_cmake_core/cmake)
[0.440s] -- Found PythonInterp: /usr/bin/python3 (found suitable version "3.8.10", minimum required is "3") 
[0.440s] -- Using PYTHON_EXECUTABLE: /usr/bin/python3
[0.520s] -- Found ament_cmake_export_dependencies: 0.9.12 (/opt/ros/foxy/share/ament_cmake_export_dependencies/cmake)
[0.520s] -- Found visualization_msgs: 2.0.5 (/opt/ros/foxy/share/visualization_msgs/cmake)
[0.555s] -- Using all available rosidl_typesupport_c: rosidl_typesupport_fastrtps_c;rosidl_typesupport_introspection_c
[0.559s] -- Found rosidl_adapter: 1.3.1 (/opt/ros/foxy/share/rosidl_adapter/cmake)
[0.601s] -- Found OpenSSL: /usr/lib/x86_64-linux-gnu/libcrypto.so (found version "1.1.1f")  
[0.615s] -- Found FastRTPS: /opt/ros/foxy/include  
[0.654s] -- Using all available rosidl_typesupport_cpp: rosidl_typesupport_fastrtps_cpp;rosidl_typesupport_introspection_cpp
[0.744s] -- Found rclcpp: 2.4.3 (/opt/ros/foxy/share/rclcpp/cmake)
[0.766s] -- Found rmw_implementation_cmake: 1.0.4 (/opt/ros/foxy/share/rmw_implementation_cmake/cmake)
[0.767s] -- Using RMW implementation 'rmw_fastrtps_cpp' as default
[0.768s] -- Looking for pthread.h
[0.807s] -- Looking for pthread.h - found
[0.807s] -- Performing Test CMAKE_HAVE_LIBC_PTHREAD
[0.848s] -- Performing Test CMAKE_HAVE_LIBC_PTHREAD - Failed
[0.848s] -- Looking for pthread_create in pthreads
[0.880s] -- Looking for pthread_create in pthreads - not found
[0.880s] -- Looking for pthread_create in pthread
[0.917s] -- Looking for pthread_create in pthread - found
[0.917s] -- Found Threads: TRUE  
[0.992s] -- Found cv_bridge: 3.0.7 (/opt/ros/foxy/share/cv_bridge/cmake)
[1.048s] -- Found OpenCV: /usr (found version "4.2.0") 
[1.049s] -- Found image_transport: 2.4.0 (/opt/ros/foxy/share/image_transport/cmake)
[1.092s] -- Found ament_lint_auto: 0.9.8 (/opt/ros/foxy/share/ament_lint_auto/cmake)
[1.130s] -- Added test 'copyright' to check source files copyright and LICENSE
[1.137s] -- Added test 'cppcheck' to perform static code analysis on C / C++ code
[1.137s] -- Configured cppcheck include dirs: 
[1.137s] -- Configured cppcheck exclude dirs and/or files: 
[1.144s] -- Added test 'cpplint' to check C / C++ code against the Google style
[1.144s] -- Configured cpplint exclude dirs and/or files: 
[1.145s] -- Added test 'flake8' to check Python code syntax and style conventions
[1.147s] -- Added test 'lint_cmake' to check CMake code style
[1.148s] -- Added test 'pep257' to check Python code against some of the style conventions in PEP 257
[1.154s] -- Added test 'uncrustify' to check C / C++ code style
[1.154s] -- Configured uncrustify additional arguments: 
[1.155s] -- Added test 'xmllint' to check XML markup files
[1.157s] -- Configuring done
[1.170s] -- Generating done
[1.171s] -- Build files have been written to: /home/eunseon/ros2_ws/src/mono_slam/build/mono_slam
[1.178s] Invoked command in '/home/eunseon/ros2_ws/src/mono_slam/build/mono_slam' returned '0': CMAKE_PREFIX_PATH=${CMAKE_PREFIX_PATH}:/opt/ros/foxy /usr/bin/cmake /home/eunseon/ros2_ws/src/mono_slam -DCMAKE_INSTALL_PREFIX=/home/eunseon/ros2_ws/src/mono_slam/install/mono_slam
[1.179s] Invoking command in '/home/eunseon/ros2_ws/src/mono_slam/build/mono_slam': CMAKE_PREFIX_PATH=${CMAKE_PREFIX_PATH}:/opt/ros/foxy /usr/bin/cmake --build /home/eunseon/ros2_ws/src/mono_slam/build/mono_slam -- -j16 -l16
[1.198s] [35m[1mScanning dependencies of target mono_slam[0m
[1.240s] [ 16%] [32mBuilding CXX object CMakeFiles/mono_slam.dir/src/main.cpp.o[0m
[1.240s] [ 33%] [32mBuilding CXX object CMakeFiles/mono_slam.dir/src/Tracking.cpp.o[0m
[1.241s] [ 50%] [32mBuilding CXX object CMakeFiles/mono_slam.dir/src/ORB_extractor.cpp.o[0m
[1.241s] [ 66%] [32mBuilding CXX object CMakeFiles/mono_slam.dir/src/frame.cpp.o[0m
[1.244s] [ 83%] [32mBuilding CXX object CMakeFiles/mono_slam.dir/src/Visualization.cpp.o[0m
[5.310s] [100%] [32m[1mLinking CXX executable mono_slam[0m
[5.615s] [100%] Built target mono_slam
[5.626s] Invoked command in '/home/eunseon/ros2_ws/src/mono_slam/build/mono_slam' returned '0': CMAKE_PREFIX_PATH=${CMAKE_PREFIX_PATH}:/opt/ros/foxy /usr/bin/cmake --build /home/eunseon/ros2_ws/src/mono_slam/build/mono_slam -- -j16 -l16
[5.647s] Invoking command in '/home/eunseon/ros2_ws/src/mono_slam/build/mono_slam': CMAKE_PREFIX_PATH=${CMAKE_PREFIX_PATH}:/opt/ros/foxy /usr/bin/cmake --install /home/eunseon/ros2_ws/src/mono_slam/build/mono_slam
[5.652s] -- Install configuration: ""
[5.652s] -- Installing: /home/eunseon/ros2_ws/src/mono_slam/install/mono_slam/lib/mono_slam/mono_slam
[5.653s] -- Set runtime path of "/home/eunseon/ros2_ws/src/mono_slam/install/mono_slam/lib/mono_slam/mono_slam" to ""
[5.653s] -- Installing: /home/eunseon/ros2_ws/src/mono_slam/install/mono_slam/share/mono_slam/launch
[5.653s] -- Installing: /home/eunseon/ros2_ws/src/mono_slam/install/mono_slam/share/mono_slam/launch/mono.launch.py
[5.653s] -- Installing: /home/eunseon/ros2_ws/src/mono_slam/install/mono_slam/share/ament_index/resource_index/package_run_dependencies/mono_slam
[5.653s] -- Installing: /home/eunseon/ros2_ws/src/mono_slam/install/mono_slam/share/ament_index/resource_index/parent_prefix_path/mono_slam
[5.653s] -- Installing: /home/eunseon/ros2_ws/src/mono_slam/install/mono_slam/share/mono_slam/environment/ament_prefix_path.sh
[5.653s] -- Installing: /home/eunseon/ros2_ws/src/mono_slam/install/mono_slam/share/mono_slam/environment/ament_prefix_path.dsv
[5.653s] -- Installing: /home/eunseon/ros2_ws/src/mono_slam/install/mono_slam/share/mono_slam/environment/path.sh
[5.653s] -- Installing: /home/eunseon/ros2_ws/src/mono_slam/install/mono_slam/share/mono_slam/environment/path.dsv
[5.653s] -- Installing: /home/eunseon/ros2_ws/src/mono_slam/install/mono_slam/share/mono_slam/local_setup.bash
[5.653s] -- Installing: /home/eunseon/ros2_ws/src/mono_slam/install/mono_slam/share/mono_slam/local_setup.sh
[5.654s] -- Installing: /home/eunseon/ros2_ws/src/mono_slam/install/mono_slam/share/mono_slam/local_setup.zsh
[5.654s] -- Installing: /home/eunseon/ros2_ws/src/mono_slam/install/mono_slam/share/mono_slam/local_setup.dsv
[5.654s] -- Installing: /home/eunseon/ros2_ws/src/mono_slam/install/mono_slam/share/mono_slam/package.dsv
[5.654s] -- Installing: /home/eunseon/ros2_ws/src/mono_slam/install/mono_slam/share/ament_index/resource_index/packages/mono_slam
[5.654s] -- Installing: /home/eunseon/ros2_ws/src/mono_slam/install/mono_slam/share/mono_slam/cmake/mono_slamConfig.cmake
[5.654s] -- Installing: /home/eunseon/ros2_ws/src/mono_slam/install/mono_slam/share/mono_slam/cmake/mono_slamConfig-version.cmake
[5.654s] -- Installing: /home/eunseon/ros2_ws/src/mono_slam/install/mono_slam/share/mono_slam/package.xml
[5.654s] Invoked command in '/home/eunseon/ros2_ws/src/mono_slam/build/mono_slam' returned '0': CMAKE_PREFIX_PATH=${CMAKE_PREFIX_PATH}:/opt/ros/foxy /usr/bin/cmake --install /home/eunseon/ros2_ws/src/mono_slam/build/mono_slam
